<?xml version="1.0" encoding="UTF-8"?>
<testsuite xmlns:xsi="http://www.w3.org/2001/XMLSchema-instance" xsi:noNamespaceSchemaLocation="https://maven.apache.org/surefire/maven-surefire-plugin/xsd/surefire-test-report-3.0.xsd" version="3.0" name="TestSuite" time="8.719" tests="1" errors="0" skipped="0" failures="0">
  <properties>
    <property name="java.specification.version" value="21"/>
    <property name="sun.cpu.isalist" value="amd64"/>
    <property name="sun.jnu.encoding" value="Cp1252"/>
    <property name="java.class.path" value="C:\SampleWorkspace\1st-prism-web-integration-test\1ST-AutomationCucumberAPI\target\test-classes;C:\SampleWorkspace\1st-prism-web-integration-test\1ST-AutomationCucumberAPI\target\classes;C:\Users\helen\.m2\repository\io\rest-assured\rest-assured\5.4.0\rest-assured-5.4.0.jar;C:\Users\helen\.m2\repository\org\apache\groovy\groovy\4.0.16\groovy-4.0.16.jar;C:\Users\helen\.m2\repository\org\apache\groovy\groovy-xml\4.0.16\groovy-xml-4.0.16.jar;C:\Users\helen\.m2\repository\org\apache\httpcomponents\httpclient\4.5.13\httpclient-4.5.13.jar;C:\Users\helen\.m2\repository\org\apache\httpcomponents\httpcore\4.4.13\httpcore-4.4.13.jar;C:\Users\helen\.m2\repository\commons-logging\commons-logging\1.2\commons-logging-1.2.jar;C:\Users\helen\.m2\repository\commons-codec\commons-codec\1.11\commons-codec-1.11.jar;C:\Users\helen\.m2\repository\org\apache\httpcomponents\httpmime\4.5.13\httpmime-4.5.13.jar;C:\Users\helen\.m2\repository\org\ccil\cowan\tagsoup\tagsoup\1.2.1\tagsoup-1.2.1.jar;C:\Users\helen\.m2\repository\io\rest-assured\json-path\5.4.0\json-path-5.4.0.jar;C:\Users\helen\.m2\repository\org\apache\groovy\groovy-json\4.0.16\groovy-json-4.0.16.jar;C:\Users\helen\.m2\repository\io\rest-assured\rest-assured-common\5.4.0\rest-assured-common-5.4.0.jar;C:\Users\helen\.m2\repository\io\rest-assured\xml-path\5.4.0\xml-path-5.4.0.jar;C:\Users\helen\.m2\repository\org\apache\commons\commons-lang3\3.11\commons-lang3-3.11.jar;C:\Users\helen\.m2\repository\org\hamcrest\hamcrest\2.2\hamcrest-2.2.jar;C:\Users\helen\.m2\repository\org\testng\testng\7.7.1\testng-7.7.1.jar;C:\Users\helen\.m2\repository\org\slf4j\slf4j-api\1.7.36\slf4j-api-1.7.36.jar;C:\Users\helen\.m2\repository\com\beust\jcommander\1.82\jcommander-1.82.jar;C:\Users\helen\.m2\repository\org\webjars\jquery\3.6.1\jquery-3.6.1.jar;C:\Users\helen\.m2\repository\com\fasterxml\jackson\core\jackson-databind\2.17.0\jackson-databind-2.17.0.jar;C:\Users\helen\.m2\repository\com\fasterxml\jackson\core\jackson-annotations\2.17.0\jackson-annotations-2.17.0.jar;C:\Users\helen\.m2\repository\com\fasterxml\jackson\core\jackson-core\2.17.0\jackson-core-2.17.0.jar;C:\Users\helen\.m2\repository\net\bytebuddy\byte-buddy\1.14.9\byte-buddy-1.14.9.jar;C:\Users\helen\.m2\repository\junit\junit\4.11\junit-4.11.jar;C:\Users\helen\.m2\repository\org\hamcrest\hamcrest-core\1.3\hamcrest-core-1.3.jar;C:\Users\helen\.m2\repository\io\cucumber\cucumber-java\7.16.1\cucumber-java-7.16.1.jar;C:\Users\helen\.m2\repository\org\apiguardian\apiguardian-api\1.1.2\apiguardian-api-1.1.2.jar;C:\Users\helen\.m2\repository\io\cucumber\cucumber-junit\7.16.1\cucumber-junit-7.16.1.jar;C:\Users\helen\.m2\repository\org\codehaus\groovy\groovy\3.0.21\groovy-3.0.21.jar;C:\Users\helen\.m2\repository\io\cucumber\cucumber-testng\7.18.1\cucumber-testng-7.18.1.jar;C:\Users\helen\.m2\repository\io\cucumber\cucumber-core\7.16.0\cucumber-core-7.16.0.jar;C:\Users\helen\.m2\repository\io\cucumber\cucumber-gherkin\7.16.0\cucumber-gherkin-7.16.0.jar;C:\Users\helen\.m2\repository\io\cucumber\cucumber-gherkin-messages\7.16.0\cucumber-gherkin-messages-7.16.0.jar;C:\Users\helen\.m2\repository\io\cucumber\gherkin\28.0.0\gherkin-28.0.0.jar;C:\Users\helen\.m2\repository\io\cucumber\messages\24.0.1\messages-24.0.1.jar;C:\Users\helen\.m2\repository\io\cucumber\tag-expressions\6.1.0\tag-expressions-6.1.0.jar;C:\Users\helen\.m2\repository\io\cucumber\cucumber-expressions\17.1.0\cucumber-expressions-17.1.0.jar;C:\Users\helen\.m2\repository\io\cucumber\datatable\7.16.0\datatable-7.16.0.jar;C:\Users\helen\.m2\repository\io\cucumber\cucumber-plugin\7.16.0\cucumber-plugin-7.16.0.jar;C:\Users\helen\.m2\repository\io\cucumber\docstring\7.16.0\docstring-7.16.0.jar;C:\Users\helen\.m2\repository\io\cucumber\html-formatter\21.3.0\html-formatter-21.3.0.jar;C:\Users\helen\.m2\repository\io\cucumber\junit-xml-formatter\0.2.1\junit-xml-formatter-0.2.1.jar;C:\Users\helen\.m2\repository\io\cucumber\ci-environment\10.0.1\ci-environment-10.0.1.jar;"/>
    <property name="java.vm.vendor" value="Oracle Corporation"/>
    <property name="sun.arch.data.model" value="64"/>
    <property name="user.variant" value=""/>
    <property name="java.vendor.url" value="https://java.oracle.com/"/>
    <property name="user.timezone" value="Asia/Calcutta"/>
    <property name="os.name" value="Windows 11"/>
    <property name="java.vm.specification.version" value="21"/>
    <property name="sun.java.launcher" value="SUN_STANDARD"/>
    <property name="user.country" value="IN"/>
    <property name="sun.boot.library.path" value="C:\Program Files\Java\jdk-21\bin"/>
    <property name="sun.java.command" value="C:\Users\helen\AppData\Local\Temp\surefire15317717781280522065\surefirebooter-20240909210434496_3.jar C:\Users\helen\AppData\Local\Temp\surefire15317717781280522065 2024-09-09T21-04-34_387-jvmRun1 surefire-20240909210434496_1tmp surefire_0-20240909210434496_2tmp"/>
    <property name="jdk.debug" value="release"/>
    <property name="surefire.test.class.path" value="C:\SampleWorkspace\1st-prism-web-integration-test\1ST-AutomationCucumberAPI\target\test-classes;C:\SampleWorkspace\1st-prism-web-integration-test\1ST-AutomationCucumberAPI\target\classes;C:\Users\helen\.m2\repository\io\rest-assured\rest-assured\5.4.0\rest-assured-5.4.0.jar;C:\Users\helen\.m2\repository\org\apache\groovy\groovy\4.0.16\groovy-4.0.16.jar;C:\Users\helen\.m2\repository\org\apache\groovy\groovy-xml\4.0.16\groovy-xml-4.0.16.jar;C:\Users\helen\.m2\repository\org\apache\httpcomponents\httpclient\4.5.13\httpclient-4.5.13.jar;C:\Users\helen\.m2\repository\org\apache\httpcomponents\httpcore\4.4.13\httpcore-4.4.13.jar;C:\Users\helen\.m2\repository\commons-logging\commons-logging\1.2\commons-logging-1.2.jar;C:\Users\helen\.m2\repository\commons-codec\commons-codec\1.11\commons-codec-1.11.jar;C:\Users\helen\.m2\repository\org\apache\httpcomponents\httpmime\4.5.13\httpmime-4.5.13.jar;C:\Users\helen\.m2\repository\org\ccil\cowan\tagsoup\tagsoup\1.2.1\tagsoup-1.2.1.jar;C:\Users\helen\.m2\repository\io\rest-assured\json-path\5.4.0\json-path-5.4.0.jar;C:\Users\helen\.m2\repository\org\apache\groovy\groovy-json\4.0.16\groovy-json-4.0.16.jar;C:\Users\helen\.m2\repository\io\rest-assured\rest-assured-common\5.4.0\rest-assured-common-5.4.0.jar;C:\Users\helen\.m2\repository\io\rest-assured\xml-path\5.4.0\xml-path-5.4.0.jar;C:\Users\helen\.m2\repository\org\apache\commons\commons-lang3\3.11\commons-lang3-3.11.jar;C:\Users\helen\.m2\repository\org\hamcrest\hamcrest\2.2\hamcrest-2.2.jar;C:\Users\helen\.m2\repository\org\testng\testng\7.7.1\testng-7.7.1.jar;C:\Users\helen\.m2\repository\org\slf4j\slf4j-api\1.7.36\slf4j-api-1.7.36.jar;C:\Users\helen\.m2\repository\com\beust\jcommander\1.82\jcommander-1.82.jar;C:\Users\helen\.m2\repository\org\webjars\jquery\3.6.1\jquery-3.6.1.jar;C:\Users\helen\.m2\repository\com\fasterxml\jackson\core\jackson-databind\2.17.0\jackson-databind-2.17.0.jar;C:\Users\helen\.m2\repository\com\fasterxml\jackson\core\jackson-annotations\2.17.0\jackson-annotations-2.17.0.jar;C:\Users\helen\.m2\repository\com\fasterxml\jackson\core\jackson-core\2.17.0\jackson-core-2.17.0.jar;C:\Users\helen\.m2\repository\net\bytebuddy\byte-buddy\1.14.9\byte-buddy-1.14.9.jar;C:\Users\helen\.m2\repository\junit\junit\4.11\junit-4.11.jar;C:\Users\helen\.m2\repository\org\hamcrest\hamcrest-core\1.3\hamcrest-core-1.3.jar;C:\Users\helen\.m2\repository\io\cucumber\cucumber-java\7.16.1\cucumber-java-7.16.1.jar;C:\Users\helen\.m2\repository\org\apiguardian\apiguardian-api\1.1.2\apiguardian-api-1.1.2.jar;C:\Users\helen\.m2\repository\io\cucumber\cucumber-junit\7.16.1\cucumber-junit-7.16.1.jar;C:\Users\helen\.m2\repository\org\codehaus\groovy\groovy\3.0.21\groovy-3.0.21.jar;C:\Users\helen\.m2\repository\io\cucumber\cucumber-testng\7.18.1\cucumber-testng-7.18.1.jar;C:\Users\helen\.m2\repository\io\cucumber\cucumber-core\7.16.0\cucumber-core-7.16.0.jar;C:\Users\helen\.m2\repository\io\cucumber\cucumber-gherkin\7.16.0\cucumber-gherkin-7.16.0.jar;C:\Users\helen\.m2\repository\io\cucumber\cucumber-gherkin-messages\7.16.0\cucumber-gherkin-messages-7.16.0.jar;C:\Users\helen\.m2\repository\io\cucumber\gherkin\28.0.0\gherkin-28.0.0.jar;C:\Users\helen\.m2\repository\io\cucumber\messages\24.0.1\messages-24.0.1.jar;C:\Users\helen\.m2\repository\io\cucumber\tag-expressions\6.1.0\tag-expressions-6.1.0.jar;C:\Users\helen\.m2\repository\io\cucumber\cucumber-expressions\17.1.0\cucumber-expressions-17.1.0.jar;C:\Users\helen\.m2\repository\io\cucumber\datatable\7.16.0\datatable-7.16.0.jar;C:\Users\helen\.m2\repository\io\cucumber\cucumber-plugin\7.16.0\cucumber-plugin-7.16.0.jar;C:\Users\helen\.m2\repository\io\cucumber\docstring\7.16.0\docstring-7.16.0.jar;C:\Users\helen\.m2\repository\io\cucumber\html-formatter\21.3.0\html-formatter-21.3.0.jar;C:\Users\helen\.m2\repository\io\cucumber\junit-xml-formatter\0.2.1\junit-xml-formatter-0.2.1.jar;C:\Users\helen\.m2\repository\io\cucumber\ci-environment\10.0.1\ci-environment-10.0.1.jar;"/>
    <property name="sun.cpu.endian" value="little"/>
    <property name="user.home" value="C:\Users\helen"/>
    <property name="user.language" value="en"/>
    <property name="java.specification.vendor" value="Oracle Corporation"/>
    <property name="java.version.date" value="2024-04-16"/>
    <property name="java.home" value="C:\Program Files\Java\jdk-21"/>
    <property name="file.separator" value="\"/>
    <property name="basedir" value="C:\SampleWorkspace\1st-prism-web-integration-test\1ST-AutomationCucumberAPI"/>
    <property name="style.color" value="always"/>
    <property name="java.vm.compressedOopsMode" value="Zero based"/>
    <property name="line.separator" value="&#10;"/>
    <property name="java.vm.specification.vendor" value="Oracle Corporation"/>
    <property name="java.specification.name" value="Java Platform API Specification"/>
    <property name="surefire.real.class.path" value="C:\Users\helen\AppData\Local\Temp\surefire15317717781280522065\surefirebooter-20240909210434496_3.jar"/>
    <property name="user.script" value=""/>
    <property name="sun.management.compiler" value="HotSpot 64-Bit Tiered Compilers"/>
    <property name="java.runtime.version" value="21.0.3+7-LTS-152"/>
    <property name="user.name" value="helen"/>
    <property name="stdout.encoding" value="Cp1252"/>
    <property name="path.separator" value=";"/>
    <property name="os.version" value="10.0"/>
    <property name="java.runtime.name" value="Java(TM) SE Runtime Environment"/>
    <property name="file.encoding" value="UTF-8"/>
    <property name="java.vm.name" value="Java HotSpot(TM) 64-Bit Server VM"/>
    <property name="localRepository" value="C:\Users\helen\.m2\repository"/>
    <property name="java.vendor.url.bug" value="https://bugreport.java.com/bugreport/"/>
    <property name="java.io.tmpdir" value="C:\Users\helen\AppData\Local\Temp\"/>
    <property name="java.version" value="21.0.3"/>
    <property name="user.dir" value="C:\SampleWorkspace\1st-prism-web-integration-test\1ST-AutomationCucumberAPI"/>
    <property name="os.arch" value="amd64"/>
    <property name="java.vm.specification.name" value="Java Virtual Machine Specification"/>
    <property name="sun.os.patch.level" value=""/>
    <property name="native.encoding" value="Cp1252"/>
    <property name="java.library.path" value="C:\Program Files\Java\jdk-21\bin;C:\WINDOWS\Sun\Java\bin;C:\WINDOWS\system32;C:\WINDOWS;C:/Program Files/Java/jdk-21/bin/server;C:/Program Files/Java/jdk-21/bin;C:\Program Files\Eclipse Adoptium\jdk-21.0.3.9-hotspot\bin;C:\Program Files\Common Files\Oracle\Java\javapath;C:\WINDOWS\system32;C:\WINDOWS;C:\WINDOWS\System32\Wbem;C:\WINDOWS\System32\WindowsPowerShell\v1.0\;C:\WINDOWS\System32\OpenSSH\;C:\Program Files\JMeter\apache-jmeter-5.5\bin;C:\Program Files\Java\jdk-21\bin;C:\Program Files\Git\cmd;C:\Program Files\MySQL\MySQL Server 8.0\bin;C:\Program Files\apache-maven-3.9.9\bin;;C:\Program Files\Docker\Docker\resources\bin;C:\Program Files\MySQL\MySQL Shell 8.0\bin\;C:\Users\helen\AppData\Local\Programs\Python\Python312\Scripts\;C:\Users\helen\AppData\Local\Programs\Python\Python312\;C:\Users\helen\AppData\Local\Programs\Python\Launcher\;C:\Users\helen\AppData\Local\Microsoft\WindowsApps;C:\Users\helen\AppData\Local\Programs\Microsoft VS Code\bin;;C:\WINDOWS\System32;;."/>
    <property name="java.vm.info" value="mixed mode, sharing"/>
    <property name="stderr.encoding" value="Cp1252"/>
    <property name="java.vendor" value="Oracle Corporation"/>
    <property name="java.vm.version" value="21.0.3+7-LTS-152"/>
    <property name="sun.io.unicode.encoding" value="UnicodeLittle"/>
    <property name="java.class.version" value="65.0"/>
  </properties>
  <testcase name="runScenario[&quot;Verify whether Video Encoder is being successfully created&quot;, &quot;Validating the swagger API for Video Booking-Vendor Phenix&quot;](1)" classname="cucumber.Options.TestRunnerTestNG" time="7.882">
    <system-out><![CDATA[
@tag @CreateEncoder
Scenario: Verify whether Video Encoder is being successfully created                               # src/test/java/features/encoder.feature:26
  Given Create VideoEncoder with "org/Test_Org/orgUnits/Unit-01", "Test-01", "EncoderID-01", "LTN" # stepDefinition.stepDefinition.create_video_encoder_with(java.lang.String,java.lang.String,java.lang.String,java.lang.String)
Calling API: /prism/v1/video/videoEncoder
Extracted name: org/Test_Org/videoEncoders/0191d76c-310f-7608-b221-c73af42cb3a8
  When User calls "AddEncoderAPI" with "POST" API request                                          # stepDefinition.stepDefinition.user_calls_with_api_request(java.lang.String,java.lang.String)
Extracted encoder name: org/Test_Org/videoEncoders/0191d76c-310f-7608-b221-c73af42cb3a8
  And Extract the encoder name                                                                     # stepDefinition.stepDefinition.extract_encoder_name()
  Then the API calls got success with 200                                                          # stepDefinition.stepDefinition.the_api_calls_got_success_with(java.lang.Integer)
STATE_ACTIVE
  Then "state" in response body as "STATE_ACTIVE"                                                  # stepDefinition.stepDefinition.in_response_body_as(java.lang.String,java.lang.String)
Calling API: /prism/v1/video/{name}
Get Request Extracted name: org/Test_Org/videoEncoders/0191d76c-310f-7608-b221-c73af42cb3a8
Verified name: org/Test_Org/videoEncoders/0191d76c-310f-7608-b221-c73af42cb3a8
Passed
  And verify name created maps to "name" using "GetEncoderAPI"                                     # stepDefinition.stepDefinition.verify_name_created_maps_to_using(java.lang.String,java.lang.String)
  And the API calls got success with 200                                                           # stepDefinition.stepDefinition.the_api_calls_got_success_with(java.lang.Integer)
STATE_ACTIVE
  And "state" in response body as "STATE_ACTIVE"                                                   # stepDefinition.stepDefinition.in_response_body_as(java.lang.String,java.lang.String)
Calling API: /prism/v1/video/{name}:disable
  And User calls "DisableEncoderAPI" with "POST" API request                                       # stepDefinition.stepDefinition.user_calls_with_api_request(java.lang.String,java.lang.String)
Calling API: /prism/v1/video/{name}:reenable
  And User calls "ReenableEncoderAPI" with "POST" API request                                      # stepDefinition.stepDefinition.user_calls_with_api_request(java.lang.String,java.lang.String)
Calling API: /prism/v1/video
Patch Request for: org/Test_Org/videoEncoders/0191d76c-310f-7608-b221-c73af42cb3a8
Update API URL: /prism/v1/video/org/Test_Org/videoEncoders/0191d76c-310f-7608-b221-c73af42cb3a8?field_mask=display_name,vendor_encoder_identifier
{"name":"org/Test_Org/videoEncoders/0191d76c-310f-7608-b221-c73af42cb3a8", "parent":"org/Test_Org/orgUnits/Unit-01", "audit_info":{"create_time":"2024-09-09T15:34:37.590549Z", "created_by":"org/1ST/users/11111111-1111-1111-1111-111111111111", "update_time":"2024-09-09T15:34:41.249952Z", "updated_by":"org/1ST/users/11111111-1111-1111-1111-111111111111", "version":30986038}, "display_name":{"value":"UpdatedDisplayName-6fd3"}, "vendor":"VENDOR_LTN", "vendor_encoder_identifier":"UpdatedID-d0d4", "state":"STATE_ACTIVE"}
  And User calls "UpdateEncoderAPI" with "PATCH" API request                                       # stepDefinition.stepDefinition.user_calls_with_api_request(java.lang.String,java.lang.String)
  And the API calls got success with 200                                                           # stepDefinition.stepDefinition.the_api_calls_got_success_with(java.lang.Integer)
STATE_ACTIVE
  And "state" in response body as "STATE_ACTIVE"                                                   # stepDefinition.stepDefinition.in_response_body_as(java.lang.String,java.lang.String)
Calling API: /prism/v1/video/videoEncoders
  And User calls "ListEncoderAPI" with "POST" API request                                          # stepDefinition.stepDefinition.user_calls_with_api_request(java.lang.String,java.lang.String)
Calling API: /prism/v1/video/{name}
Delete Request Extracted name: org/Test_Org/videoEncoders/0191d76c-310f-7608-b221-c73af42cb3a8
  And User calls "DeleteEncoderAPI" with "DELETE" API request                                      # stepDefinition.stepDefinition.user_calls_with_api_request(java.lang.String,java.lang.String)
]]></system-out>
    <system-err><![CDATA[SLF4J: Failed to load class "org.slf4j.impl.StaticLoggerBinder".
SLF4J: Defaulting to no-operation (NOP) logger implementation
SLF4J: See http://www.slf4j.org/codes.html#StaticLoggerBinder for further details.
]]></system-err>
  </testcase>
</testsuite>