<?xml version="1.0" encoding="UTF-8"?>
<!-- Generated by org.testng.reporters.JUnitReportReporter -->
<testsuite hostname="Bloomlync-Qa" failures="0" tests="1" name="cucumber.Options.TestRunnerTestNG" time="6.277" errors="0" timestamp="2024-09-16T20:19:12 IST" skipped="0">
  <testcase classname="cucumber.Options.TestRunnerTestNG" name="runScenario" time="6.277"/>
  <system-out/>
</testsuite> <!-- cucumber.Options.TestRunnerTestNG -->
